2020/08/05 16:11:56 {"callers":["/Users/clarence/go/src/togethergo/blog-service/main.go: 27 main.init.0"],"level":"info","message":"hello: togergo/blog-service","time":1596615116889096000}
2020/08/05 19:45:29 {"callers":["/Users/clarence/go/src/togethergo/blog-service/main.go: 27 main.init.0"],"level":"info","message":"hello: togergo/blog-service","time":1596627929515428000}
2020/08/05 19:48:21 {"callers":["/Users/clarence/go/src/togethergo/blog-service/main.go: 27 main.init.0"],"level":"info","message":"hello: togergo/blog-service","time":1596628101987690000}
2020/08/05 19:50:07 {"callers":["/Users/clarence/go/src/togethergo/blog-service/main.go: 27 main.init.0"],"level":"info","message":"hello: togergo/blog-service","time":1596628207754663000}
2020/08/05 19:55:21 {"callers":["/Users/clarence/go/src/togethergo/blog-service/main.go: 27 main.init.0"],"level":"info","message":"hello: togergo/blog-service","time":1596628521117976000}
2020/08/05 19:56:11 {"callers":["/Users/clarence/go/src/togethergo/blog-service/main.go: 27 main.init.0"],"level":"info","message":"hello: togergo/blog-service","time":1596628571068653000}
2020/08/08 11:21:55 {"callers":["/Users/clarence/go/src/togethergo/blog-service/main.go: 27 main.init.0"],"level":"info","message":"hello: togergo/blog-service","time":1596856915194420000}
2020/08/08 11:38:34 {"callers":["/Users/clarence/go/src/togethergo/blog-service/main.go: 27 main.init.0"],"level":"info","message":"hello: togergo/blog-service","time":1596857914783397000}
2020/08/08 11:39:45 {"callers":["/Users/clarence/go/src/togethergo/blog-service/main.go: 27 main.init.0"],"level":"fatal","message":"app.BindAndValid errs: ","time":1596857985174230000}
2020/08/08 11:39:46 {"callers":["/Users/clarence/go/src/togethergo/blog-service/main.go: 27 main.init.0"],"level":"fatal","message":"app.BindAndValid errs: ","time":1596857986410162000}
2020/08/08 11:39:46 {"callers":["/Users/clarence/go/src/togethergo/blog-service/main.go: 27 main.init.0"],"level":"fatal","message":"app.BindAndValid errs: ","time":1596857986891767000}
2020/08/08 11:42:36 {"callers":["/Users/clarence/go/src/togethergo/blog-service/main.go: 27 main.init.0"],"level":"info","message":"hello: togergo/blog-service","time":1596858156548367000}
2020/08/08 11:43:44 {"callers":["/Users/clarence/go/src/togethergo/blog-service/main.go: 27 main.init.0"],"level":"info","message":"hello: togergo/blog-service","time":1596858224573767000}
2020/08/08 11:46:02 {"callers":["/Users/clarence/go/src/togethergo/blog-service/main.go: 27 main.init.0"],"level":"info","message":"hello: togergo/blog-service","time":1596858362378139000}
2020/08/08 11:47:19 {"callers":["/Users/clarence/go/src/togethergo/blog-service/main.go: 27 main.init.0"],"level":"info","message":"hello: togergo/blog-service","time":1596858439710773000}
2020/08/08 11:49:11 {"callers":["/Users/clarence/go/src/togethergo/blog-service/main.go: 27 main.init.0"],"level":"info","message":"hello: togergo/blog-service","time":1596858551813923000}
2020/08/08 11:50:15 {"callers":["/Users/clarence/go/src/togethergo/blog-service/main.go: 27 main.init.0"],"level":"info","message":"hello: togergo/blog-service","time":1596858615715837000}
2020/08/08 11:50:42 {"callers":["/Users/clarence/go/src/togethergo/blog-service/main.go: 27 main.init.0"],"level":"fatal","message":"app.BindAndValid errs: ","time":1596858642640763000}
2020/08/08 11:51:16 {"callers":["/Users/clarence/go/src/togethergo/blog-service/main.go: 27 main.init.0"],"level":"fatal","message":"app.BindAndValid errs: ","time":1596858676916284000}
2020/08/08 11:52:47 {"callers":["/Users/clarence/go/src/togethergo/blog-service/main.go: 27 main.init.0"],"level":"info","message":"hello: togergo/blog-service","time":1596858767214796000}
2020/08/08 11:53:16 {"callers":["/Users/clarence/go/src/togethergo/blog-service/main.go: 27 main.init.0"],"level":"info","message":"hello: togergo/blog-service","time":1596858796405127000}
2020/08/08 11:54:56 {"callers":["/Users/clarence/go/src/togethergo/blog-service/main.go: 27 main.init.0"],"level":"info","message":"hello: togergo/blog-service","time":1596858896383561000}
2020/08/08 11:56:21 {"callers":["/Users/clarence/go/src/togethergo/blog-service/main.go: 27 main.init.0"],"level":"info","message":"hello: togergo/blog-service","time":1596858981997034000}
2020/08/08 11:56:59 {"callers":["/Users/clarence/go/src/togethergo/blog-service/main.go: 27 main.init.0"],"level":"info","message":"hello: togergo/blog-service","time":1596859019039433000}
2020/08/08 11:57:34 {"callers":["/Users/clarence/go/src/togethergo/blog-service/main.go: 27 main.init.0"],"level":"info","message":"hello: togergo/blog-service","time":1596859054356167000}
2020/08/08 11:57:56 {"callers":["/Users/clarence/go/src/togethergo/blog-service/main.go: 27 main.init.0"],"level":"info","message":"hello: togergo/blog-service","time":1596859076888116000}
2020/08/08 11:59:01 {"callers":["/Users/clarence/go/src/togethergo/blog-service/main.go: 27 main.init.0"],"level":"info","message":"hello: togergo/blog-service","time":1596859141921544000}
2020/08/08 12:00:51 {"callers":["/Users/clarence/go/src/togethergo/blog-service/main.go: 27 main.init.0"],"level":"info","message":"hello: togergo/blog-service","time":1596859251669454000}
2020/08/08 12:01:12 {"callers":["/Users/clarence/go/src/togethergo/blog-service/main.go: 27 main.init.0"],"level":"info","message":"hello: togergo/blog-service","time":1596859272297862000}
2020/08/08 12:01:45 {"callers":["/Users/clarence/go/src/togethergo/blog-service/main.go: 27 main.init.0"],"level":"info","message":"hello: togergo/blog-service","time":1596859305516828000}
2020/08/08 13:37:31 {"callers":["/Users/clarence/go/src/togethergo/blog-service/main.go: 27 main.init.0"],"level":"info","message":"hello: togergo/blog-service","time":1596865051833844000}
2020/08/08 13:40:28 {"callers":["/Users/clarence/go/src/togethergo/blog-service/main.go: 27 main.init.0"],"level":"info","message":"hello: togergo/blog-service","time":1596865228391497000}
2020/08/08 13:41:09 {"callers":["/Users/clarence/go/src/togethergo/blog-service/main.go: 27 main.init.0"],"level":"info","message":"hello: togergo/blog-service","time":1596865269524995000}
2020/08/08 13:43:20 {"callers":["/Users/clarence/go/src/togethergo/blog-service/main.go: 27 main.init.0"],"level":"info","message":"hello: togergo/blog-service","time":1596865400873565000}
2020/08/08 13:44:11 {"callers":["/Users/clarence/go/src/togethergo/blog-service/main.go: 27 main.init.0"],"level":"info","message":"hello: togergo/blog-service","time":1596865451183392000}
2020/08/08 13:44:37 {"callers":["/Users/clarence/go/src/togethergo/blog-service/main.go: 27 main.init.0"],"level":"info","message":"hello: togergo/blog-service","time":1596865477056328000}
2020/08/08 13:45:55 {"callers":["/Users/clarence/go/src/togethergo/blog-service/main.go: 27 main.init.0"],"level":"info","message":"hello: togergo/blog-service","time":1596865555255226000}
2020/08/08 13:47:49 {"callers":["/Users/clarence/go/src/togethergo/blog-service/main.go: 27 main.init.0"],"level":"info","message":"hello: togergo/blog-service","time":1596865669341370000}
2020/08/08 13:48:51 {"callers":["/Users/clarence/go/src/togethergo/blog-service/main.go: 27 main.init.0"],"level":"info","message":"hello: togergo/blog-service","time":1596865731099959000}
2020/08/08 13:49:18 {"callers":["/Users/clarence/go/src/togethergo/blog-service/main.go: 27 main.init.0"],"level":"info","message":"hello: togergo/blog-service","time":1596865758021545000}
2020/08/08 13:50:40 {"callers":["/Users/clarence/go/src/togethergo/blog-service/main.go: 27 main.init.0"],"level":"info","message":"hello: togergo/blog-service","time":1596865840922380000}
2020/08/08 13:51:17 {"callers":["/Users/clarence/go/src/togethergo/blog-service/main.go: 27 main.init.0"],"level":"info","message":"hello: togergo/blog-service","time":1596865877199059000}
2020/08/08 13:51:54 {"callers":["/Users/clarence/go/src/togethergo/blog-service/main.go: 27 main.init.0"],"level":"info","message":"hello: togergo/blog-service","time":1596865914027391000}
2020/08/08 13:52:26 {"callers":["/Users/clarence/go/src/togethergo/blog-service/main.go: 27 main.init.0"],"level":"info","message":"hello: togergo/blog-service","time":1596865946333230000}
2020/08/08 13:52:28 {"callers":["/Users/clarence/go/src/togethergo/blog-service/main.go: 27 main.init.0"],"level":"fatal","message":"app.BindAndValid errs: State必须是[0 1 2]中的一个","time":1596865948711564000}
2020/08/08 13:52:29 {"callers":["/Users/clarence/go/src/togethergo/blog-service/main.go: 27 main.init.0"],"level":"fatal","message":"app.BindAndValid errs: State必须是[0 1 2]中的一个","time":1596865949947847000}
2020/08/08 13:52:30 {"callers":["/Users/clarence/go/src/togethergo/blog-service/main.go: 27 main.init.0"],"level":"fatal","message":"app.BindAndValid errs: State必须是[0 1 2]中的一个","time":1596865950410760000}
2020/08/08 13:52:30 {"callers":["/Users/clarence/go/src/togethergo/blog-service/main.go: 27 main.init.0"],"level":"fatal","message":"app.BindAndValid errs: State必须是[0 1 2]中的一个","time":1596865950611326000}
2020/08/08 13:52:30 {"callers":["/Users/clarence/go/src/togethergo/blog-service/main.go: 27 main.init.0"],"level":"fatal","message":"app.BindAndValid errs: State必须是[0 1 2]中的一个","time":1596865950795234000}
2020/08/08 14:50:27 {"callers":["/Users/clarence/go/src/togethergo/blog-service/main.go: 27 main.init.0"],"level":"fatal","message":"app.BindAndValid errs: State必须是[0 1 2]中的一个","time":1596869427689700000}
2020/08/08 16:19:26 {"callers":["/Users/clarence/go/src/togethergo/blog-service/main.go: 27 main.init.0"],"level":"info","message":"hello: togergo/blog-service","time":1596874766902745000}
2020/08/08 16:19:40 {"callers":["/Users/clarence/go/src/togethergo/blog-service/main.go: 27 main.init.0"],"level":"debug","message":"app.BindAndValid errs: State必须是[0 1]中的一个","time":1596874780756052000}
2020/08/08 16:19:42 {"callers":["/Users/clarence/go/src/togethergo/blog-service/main.go: 27 main.init.0"],"level":"debug","message":"app.BindAndValid errs: State必须是[0 1]中的一个","time":1596874782054890000}
2020/08/08 16:20:40 {"callers":["/Users/clarence/go/src/togethergo/blog-service/main.go: 27 main.init.0"],"level":"debug","message":"svc.CreateTag err: Error 1054: Unknown column 'delete_on' in 'field list'","time":1596874840395796000}
2020/08/08 16:25:46 {"callers":["/Users/clarence/go/src/togethergo/blog-service/main.go: 27 main.init.0"],"level":"info","message":"hello: togergo/blog-service","time":1596875146209176000}
2020/08/08 16:26:17 {"callers":["/Users/clarence/go/src/togethergo/blog-service/main.go: 27 main.init.0"],"level":"debug","message":"app.BindAndValid errs: State必须是[0 1]中的一个","time":1596875177109565000}
2020/08/08 16:26:19 {"callers":["/Users/clarence/go/src/togethergo/blog-service/main.go: 27 main.init.0"],"level":"debug","message":"app.BindAndValid errs: State必须是[0 1]中的一个","time":1596875179454518000}
2020/08/08 16:30:48 {"callers":["/Users/clarence/go/src/togethergo/blog-service/main.go: 27 main.init.0"],"level":"debug","message":"app.BindAndValid errs: Name长度必须至少为2个字符","time":1596875448146103000}
2020/08/08 16:45:09 {"callers":["/Users/clarence/go/src/togethergo/blog-service/main.go: 27 main.init.0"],"level":"info","message":"hello: togergo/blog-service","time":1596876309444393000}
2020/08/08 19:14:23 {"callers":["/Users/clarence/go/src/togethergo/blog-service/main.go: 27 main.init.0"],"level":"info","message":"hello: togergo/blog-service","time":1596885263789451000}
2020/08/08 19:16:36 {"callers":["/Users/clarence/go/src/togethergo/blog-service/main.go: 27 main.init.0"],"level":"info","message":"hello: togergo/blog-service","time":1596885396997855000}
2020/08/10 10:50:06 {"callers":["/Users/clarence/go/src/togethergo/blog-service/main.go: 27 main.init.0"],"level":"info","message":"hello: togergo/blog-service","time":1597027806766617000}
2020/08/10 11:08:03 {"callers":["/Users/clarence/go/src/togethergo/blog-service/main.go: 27 main.init.0"],"level":"info","message":"hello: togergo/blog-service","time":1597028883624564000}
2020/08/10 11:10:18 {"callers":["/Users/clarence/go/src/togethergo/blog-service/main.go: 27 main.init.0"],"level":"info","message":"hello: togergo/blog-service","time":1597029018422294000}
2020/08/10 11:17:34 {"callers":["/Users/clarence/go/src/togethergo/blog-service/main.go: 27 main.init.0"],"level":"info","message":"hello: togergo/blog-service","time":1597029454983934000}
2020/08/10 11:18:13 {"callers":["/Users/clarence/go/src/togethergo/blog-service/main.go: 27 main.init.0"],"level":"debug","message":"svc.CountTag err: dial tcp 211.159.180.243:3306: connect: operation timed out","time":1597029493673003000}
2020/08/10 11:18:39 {"callers":["/Users/clarence/go/src/togethergo/blog-service/main.go: 27 main.init.0"],"level":"info","message":"hello: togergo/blog-service","time":1597029519604276000}
2020/08/10 11:18:48 {"callers":["/Users/clarence/go/src/togethergo/blog-service/main.go: 27 main.init.0"],"level":"info","message":"hello: togergo/blog-service","time":1597029528232816000}
2020/08/10 11:19:37 {"callers":["/Users/clarence/go/src/togethergo/blog-service/main.go: 27 main.init.0"],"level":"info","message":"hello: togergo/blog-service","time":1597029577284377000}
2020/08/10 11:46:49 {"callers":["/Users/clarence/go/src/togethergo/blog-service/main.go: 27 main.init.0"],"level":"info","message":"hello: togergo/blog-service","time":1597031209342629000}
2020/08/19 15:52:07 {"callers":["/Users/clarence/go/src/togethergo/blog-service/main.go: 27 main.init.0"],"level":"info","message":"hello: togergo/blog-service","time":1597823527465463000}
2020/08/19 16:31:58 {"callers":["/Users/clarence/go/src/togethergo/blog-service/main.go: 27 main.init.0"],"level":"debug","message":"app.BindAndValid errs: Name为必填字段,CreatedBy为必填字段","time":1597825918138098000}
2020/08/19 20:17:07 {"callers":["/Users/clarence/go/src/togethergo/blog-service/main.go: 27 main.init.0"],"level":"info","message":"hello: togergo/blog-service","time":1597839427444859000}
2020/08/19 20:24:07 {"callers":["/Users/clarence/go/src/togethergo/blog-service/main.go: 27 main.init.0"],"level":"debug","message":"svc.UploadFile err: file suffix is not supported","time":1597839847848337000}
2020/08/19 20:24:29 {"callers":["/Users/clarence/go/src/togethergo/blog-service/main.go: 27 main.init.0"],"level":"debug","message":"svc.UploadFile err: file suffix is not supported","time":1597839869940128000}
2020/08/19 20:25:22 {"callers":["/Users/clarence/go/src/togethergo/blog-service/main.go: 27 main.init.0"],"level":"info","message":"hello: togergo/blog-service","time":1597839922773720000}
2020/08/19 20:28:04 {"callers":["/Users/clarence/go/src/togethergo/blog-service/main.go: 27 main.init.0"],"level":"info","message":"hello: togergo/blog-service","time":1597840084250098000}
2020/08/19 20:28:10 {"callers":["/Users/clarence/go/src/togethergo/blog-service/main.go: 27 main.init.0"],"level":"debug","message":"svc.UploadFile err: file suffix is not supported","time":1597840090520557000}
2020/08/19 20:28:13 {"callers":["/Users/clarence/go/src/togethergo/blog-service/main.go: 27 main.init.0"],"level":"debug","message":"svc.UploadFile err: file suffix is not supported","time":1597840093888669000}
2020/08/19 20:28:16 {"callers":["/Users/clarence/go/src/togethergo/blog-service/main.go: 27 main.init.0"],"level":"debug","message":"svc.UploadFile err: file suffix is not supported","time":1597840096427154000}
2020/08/19 20:29:52 {"callers":["/Users/clarence/go/src/togethergo/blog-service/main.go: 27 main.init.0"],"level":"info","message":"hello: togergo/blog-service","time":1597840192351116000}
2020/08/19 20:29:54 {"callers":["/Users/clarence/go/src/togethergo/blog-service/main.go: 27 main.init.0"],"level":"debug","message":"svc.UploadFile err: file suffix is not supported","time":1597840194841131000}
2020/08/19 20:29:58 {"callers":["/Users/clarence/go/src/togethergo/blog-service/main.go: 27 main.init.0"],"level":"debug","message":"svc.UploadFile err: file suffix is not supported","time":1597840198450695000}
2020/08/19 20:29:59 {"callers":["/Users/clarence/go/src/togethergo/blog-service/main.go: 27 main.init.0"],"level":"debug","message":"svc.UploadFile err: file suffix is not supported","time":1597840199251889000}
2020/08/19 20:29:59 {"callers":["/Users/clarence/go/src/togethergo/blog-service/main.go: 27 main.init.0"],"level":"debug","message":"svc.UploadFile err: file suffix is not supported","time":1597840199939450000}
2020/08/19 20:30:00 {"callers":["/Users/clarence/go/src/togethergo/blog-service/main.go: 27 main.init.0"],"level":"debug","message":"svc.UploadFile err: file suffix is not supported","time":1597840200572158000}
2020/08/19 20:30:32 {"callers":["/Users/clarence/go/src/togethergo/blog-service/main.go: 27 main.init.0"],"level":"info","message":"hello: togergo/blog-service","time":1597840232562662000}
2020/08/19 20:30:45 {"callers":["/Users/clarence/go/src/togethergo/blog-service/main.go: 27 main.init.0"],"level":"debug","message":"svc.UploadFile err: file suffix is not supported","time":1597840245267646000}
2020/08/19 20:30:47 {"callers":["/Users/clarence/go/src/togethergo/blog-service/main.go: 27 main.init.0"],"level":"debug","message":"svc.UploadFile err: file suffix is not supported","time":1597840247376667000}
2020/08/19 20:31:43 {"callers":["/Users/clarence/go/src/togethergo/blog-service/main.go: 27 main.init.0"],"level":"info","message":"hello: togergo/blog-service","time":1597840303805468000}
2020/08/19 20:32:02 {"callers":["/Users/clarence/go/src/togethergo/blog-service/main.go: 27 main.init.0"],"level":"info","message":"hello: togergo/blog-service","time":1597840322690500000}
2020/08/19 20:32:05 {"callers":["/Users/clarence/go/src/togethergo/blog-service/main.go: 27 main.init.0"],"level":"debug","message":"svc.UploadFile err: file suffix is not supported","time":1597840325507072000}
2020/08/19 20:32:06 {"callers":["/Users/clarence/go/src/togethergo/blog-service/main.go: 27 main.init.0"],"level":"debug","message":"svc.UploadFile err: file suffix is not supported","time":1597840326347896000}
2020/08/19 20:32:07 {"callers":["/Users/clarence/go/src/togethergo/blog-service/main.go: 27 main.init.0"],"level":"debug","message":"svc.UploadFile err: file suffix is not supported","time":1597840327025269000}
2020/08/19 20:32:37 {"callers":["/Users/clarence/go/src/togethergo/blog-service/main.go: 27 main.init.0"],"level":"debug","message":"svc.UploadFile err: file suffix is not supported","time":1597840357678639000}
2020/08/19 20:35:35 {"callers":["/Users/clarence/go/src/togethergo/blog-service/main.go: 27 main.init.0"],"level":"info","message":"hello: togergo/blog-service","time":1597840535410016000}
2020/08/19 20:35:37 {"callers":["/Users/clarence/go/src/togethergo/blog-service/main.go: 27 main.init.0"],"level":"debug","message":"svc.UploadFile err: file suffix is not supported","time":1597840537626406000}
2020/08/19 20:35:38 {"callers":["/Users/clarence/go/src/togethergo/blog-service/main.go: 27 main.init.0"],"level":"debug","message":"svc.UploadFile err: file suffix is not supported","time":1597840538975414000}
2020/08/19 20:35:39 {"callers":["/Users/clarence/go/src/togethergo/blog-service/main.go: 27 main.init.0"],"level":"debug","message":"svc.UploadFile err: file suffix is not supported","time":1597840539838834000}
2020/08/19 20:36:16 {"callers":["/Users/clarence/go/src/togethergo/blog-service/main.go: 27 main.init.0"],"level":"info","message":"hello: togergo/blog-service","time":1597840576089780000}
2020/08/19 20:36:21 {"callers":["/Users/clarence/go/src/togethergo/blog-service/main.go: 27 main.init.0"],"level":"debug","message":"svc.UploadFile err: file suffix is not supported","time":1597840581055868000}
2020/08/19 20:36:22 {"callers":["/Users/clarence/go/src/togethergo/blog-service/main.go: 27 main.init.0"],"level":"debug","message":"svc.UploadFile err: file suffix is not supported","time":1597840582325780000}
2020/08/19 20:37:13 {"callers":["/Users/clarence/go/src/togethergo/blog-service/main.go: 27 main.init.0"],"level":"info","message":"hello: togergo/blog-service","time":1597840633567750000}
2020/08/19 20:37:17 {"callers":["/Users/clarence/go/src/togethergo/blog-service/main.go: 27 main.init.0"],"level":"debug","message":"svc.UploadFile err: file suffix is not supported","time":1597840637353993000}
2020/08/19 20:37:41 {"callers":["/Users/clarence/go/src/togethergo/blog-service/main.go: 27 main.init.0"],"level":"info","message":"hello: togergo/blog-service","time":1597840661829790000}
2020/08/19 20:37:43 {"callers":["/Users/clarence/go/src/togethergo/blog-service/main.go: 27 main.init.0"],"level":"debug","message":"svc.UploadFile err: file suffix is not supported","time":1597840663456243000}
2020/08/19 20:37:46 {"callers":["/Users/clarence/go/src/togethergo/blog-service/main.go: 27 main.init.0"],"level":"debug","message":"svc.UploadFile err: file suffix is not supported","time":1597840666885818000}
2020/08/19 20:37:48 {"callers":["/Users/clarence/go/src/togethergo/blog-service/main.go: 27 main.init.0"],"level":"debug","message":"svc.UploadFile err: file suffix is not supported","time":1597840668464654000}
2020/08/19 20:37:49 {"callers":["/Users/clarence/go/src/togethergo/blog-service/main.go: 27 main.init.0"],"level":"debug","message":"svc.UploadFile err: file suffix is not supported","time":1597840669476149000}
2020/08/19 20:37:50 {"callers":["/Users/clarence/go/src/togethergo/blog-service/main.go: 27 main.init.0"],"level":"debug","message":"svc.UploadFile err: file suffix is not supported","time":1597840670402389000}
2020/08/19 20:39:06 {"callers":["/Users/clarence/go/src/togethergo/blog-service/main.go: 27 main.init.0"],"level":"info","message":"hello: togergo/blog-service","time":1597840746951376000}
2020/08/19 20:39:44 {"callers":["/Users/clarence/go/src/togethergo/blog-service/main.go: 27 main.init.0"],"level":"info","message":"hello: togergo/blog-service","time":1597840784077985000}
2020/08/19 20:40:16 {"callers":["/Users/clarence/go/src/togethergo/blog-service/main.go: 27 main.init.0"],"level":"debug","message":"svc.UploadFile err: file suffix is not supported","time":1597840816666572000}
2020/08/20 10:31:15 {"callers":["/Users/clarence/go/src/togethergo/blog-service/main.go: 27 main.init.0"],"level":"info","message":"hello: togergo/blog-service","time":1597890675196588000}
2020/08/20 10:31:45 {"callers":["/Users/clarence/go/src/togethergo/blog-service/main.go: 27 main.init.0"],"level":"info","message":"hello: togergo/blog-service","time":1597890705178478000}
2020/08/20 10:31:55 {"callers":["/Users/clarence/go/src/togethergo/blog-service/main.go: 27 main.init.0"],"level":"info","message":"hello: togergo/blog-service","time":1597890715955731000}
2020/08/20 10:32:24 {"callers":["/Users/clarence/go/src/togethergo/blog-service/main.go: 27 main.init.0"],"level":"info","message":"hello: togergo/blog-service","time":1597890744479940000}
2020/08/20 13:52:25 {"callers":["/Users/clarence/go/src/togethergo/blog-service/main.go: 27 main.init.0"],"level":"info","message":"hello: togergo/blog-service","time":1597902745540471000}
2020/08/21 14:32:55 {"callers":["/Users/clarence/go/src/togethergo/blog-service/main.go: 27 main.init.0"],"level":"info","message":"hello: togergo/blog-service","time":1597991575848455000}
2020/08/21 14:34:53 {"callers":["/Users/clarence/go/src/togethergo/blog-service/main.go: 27 main.init.0"],"level":"debug","message":"app.BindAndValid errs: ","time":1597991693601048000}
2020/08/21 14:35:28 {"callers":["/Users/clarence/go/src/togethergo/blog-service/main.go: 27 main.init.0"],"level":"debug","message":"app.BindAndValid errs: ","time":1597991728900960000}
2020/08/21 14:36:37 {"callers":["/Users/clarence/go/src/togethergo/blog-service/main.go: 27 main.init.0"],"level":"info","message":"hello: togergo/blog-service","time":1597991797934207000}
2020/08/21 14:36:39 {"callers":["/Users/clarence/go/src/togethergo/blog-service/main.go: 27 main.init.0"],"level":"debug","message":"app.BindAndValid errs: ","time":1597991799209049000}
2020/08/21 14:37:40 {"callers":["/Users/clarence/go/src/togethergo/blog-service/main.go: 27 main.init.0"],"level":"debug","message":"app.BindAndValid errs: ","time":1597991860453181000}
2020/08/21 14:38:55 {"callers":["/Users/clarence/go/src/togethergo/blog-service/main.go: 27 main.init.0"],"level":"info","message":"hello: togergo/blog-service","time":1597991935061267000}
2020/08/21 14:38:55 {"callers":["/Users/clarence/go/src/togethergo/blog-service/main.go: 27 main.init.0"],"level":"debug","message":"app.BindAndValid errs: ","time":1597991935464030000}
2020/08/21 14:38:57 {"callers":["/Users/clarence/go/src/togethergo/blog-service/main.go: 27 main.init.0"],"level":"debug","message":"app.BindAndValid errs: ","time":1597991937044341000}
2020/08/21 14:38:58 {"callers":["/Users/clarence/go/src/togethergo/blog-service/main.go: 27 main.init.0"],"level":"debug","message":"app.BindAndValid errs: ","time":1597991938022584000}
2020/08/21 14:38:58 {"callers":["/Users/clarence/go/src/togethergo/blog-service/main.go: 27 main.init.0"],"level":"debug","message":"app.BindAndValid errs: ","time":1597991938732690000}
2020/08/21 14:38:59 {"callers":["/Users/clarence/go/src/togethergo/blog-service/main.go: 27 main.init.0"],"level":"debug","message":"app.BindAndValid errs: ","time":1597991939531483000}
2020/08/21 14:41:26 {"callers":["/Users/clarence/go/src/togethergo/blog-service/main.go: 27 main.init.0"],"level":"info","message":"hello: togergo/blog-service","time":1597992086919136000}
2020/08/21 14:41:28 {"callers":["/Users/clarence/go/src/togethergo/blog-service/main.go: 27 main.init.0"],"level":"debug","message":"app.BindAndValid errs: ","time":1597992088927511000}
2020/08/21 14:41:30 {"callers":["/Users/clarence/go/src/togethergo/blog-service/main.go: 27 main.init.0"],"level":"debug","message":"app.BindAndValid errs: ","time":1597992090348304000}
2020/08/21 14:41:31 {"callers":["/Users/clarence/go/src/togethergo/blog-service/main.go: 27 main.init.0"],"level":"debug","message":"app.BindAndValid errs: ","time":1597992091247266000}
2020/08/21 14:41:32 {"callers":["/Users/clarence/go/src/togethergo/blog-service/main.go: 27 main.init.0"],"level":"debug","message":"app.BindAndValid errs: ","time":1597992092160503000}
2020/08/21 14:42:14 {"callers":["/Users/clarence/go/src/togethergo/blog-service/main.go: 27 main.init.0"],"level":"info","message":"hello: togergo/blog-service","time":1597992134202700000}
2020/08/21 14:42:21 {"callers":["/Users/clarence/go/src/togethergo/blog-service/main.go: 27 main.init.0"],"level":"debug","message":"app.BindAndValid errs: ","time":1597992141280663000}
2020/08/21 14:42:24 {"callers":["/Users/clarence/go/src/togethergo/blog-service/main.go: 27 main.init.0"],"level":"debug","message":"app.BindAndValid errs: ","time":1597992144011152000}
2020/08/21 14:43:18 {"callers":["/Users/clarence/go/src/togethergo/blog-service/main.go: 27 main.init.0"],"level":"debug","message":"app.BindAndValid errs: ","time":1597992198391624000}
2020/08/21 14:43:49 {"callers":["/Users/clarence/go/src/togethergo/blog-service/main.go: 27 main.init.0"],"level":"info","message":"hello: togergo/blog-service","time":1597992229931982000}
2020/08/21 14:45:26 {"callers":["/Users/clarence/go/src/togethergo/blog-service/main.go: 27 main.init.0"],"level":"info","message":"hello: togergo/blog-service","time":1597992326784760000}
2020/08/21 14:46:54 {"callers":["/Users/clarence/go/src/togethergo/blog-service/main.go: 27 main.init.0"],"level":"debug","message":"app.BindAndValid errs: ","time":1597992414001955000}
2020/08/21 14:47:05 {"callers":["/Users/clarence/go/src/togethergo/blog-service/main.go: 27 main.init.0"],"level":"info","message":"hello: togergo/blog-service","time":1597992425914299000}
2020/08/21 14:54:25 {"callers":["/Users/clarence/go/src/togethergo/blog-service/main.go: 27 main.init.0"],"level":"info","message":"hello: togergo/blog-service","time":1597992865703614000}
2020/08/21 15:10:58 {"callers":["/Users/clarence/go/src/togethergo/blog-service/main.go: 27 main.init.0"],"level":"info","message":"hello: togergo/blog-service","time":1597993858366976000}
2020/08/21 15:11:15 {"callers":["/Users/clarence/go/src/togethergo/blog-service/main.go: 27 main.init.0"],"level":"debug","message":"app.GenerateToken err key is of invalid type","time":1597993875125971000}
2020/08/21 15:11:28 {"callers":["/Users/clarence/go/src/togethergo/blog-service/main.go: 27 main.init.0"],"level":"debug","message":"app.GenerateToken err key is of invalid type","time":1597993888300519000}
2020/08/21 15:11:29 {"callers":["/Users/clarence/go/src/togethergo/blog-service/main.go: 27 main.init.0"],"level":"debug","message":"app.GenerateToken err key is of invalid type","time":1597993889814379000}
2020/08/21 15:18:11 {"callers":["/Users/clarence/go/src/togethergo/blog-service/main.go: 27 main.init.0"],"level":"info","message":"hello: togergo/blog-service","time":1597994291384657000}
2020/08/21 15:20:34 {"callers":["/Users/clarence/go/src/togethergo/blog-service/main.go: 27 main.init.0"],"level":"info","message":"hello: togergo/blog-service","time":1597994434286644000}
2020/08/21 15:21:29 {"callers":["/Users/clarence/go/src/togethergo/blog-service/main.go: 27 main.init.0"],"level":"info","message":"hello: togergo/blog-service","time":1597994489320826000}
2020/08/21 15:21:31 {"callers":["/Users/clarence/go/src/togethergo/blog-service/main.go: 27 main.init.0"],"level":"debug","message":"app.GenerateToken err key is of invalid type","time":1597994491037643000}
2020/08/21 15:23:43 {"callers":["/Users/clarence/go/src/togethergo/blog-service/main.go: 27 main.init.0"],"level":"info","message":"hello: togergo/blog-service","time":1597994623430363000}
2020/08/21 15:23:45 {"callers":["/Users/clarence/go/src/togethergo/blog-service/main.go: 27 main.init.0"],"level":"debug","message":"app.GenerateToken err key is of invalid type","time":1597994625904511000}
2020/08/21 15:25:14 {"callers":["/Users/clarence/go/src/togethergo/blog-service/main.go: 27 main.init.0"],"level":"info","message":"hello: togergo/blog-service","time":1597994714864923000}
2020/08/21 15:36:07 {"callers":["/Users/clarence/go/src/togethergo/blog-service/main.go: 27 main.init.0"],"level":"info","message":"hello: togergo/blog-service","time":1597995367314518000}
2020/08/21 15:36:11 {"callers":["/Users/clarence/go/src/togethergo/blog-service/main.go: 27 main.init.0"],"level":"debug","message":"app.GenerateToken err key is of invalid type","time":1597995371113900000}
2020/08/21 15:36:12 {"callers":["/Users/clarence/go/src/togethergo/blog-service/main.go: 27 main.init.0"],"level":"debug","message":"app.GenerateToken err key is of invalid type","time":1597995372670382000}
2020/08/21 15:36:13 {"callers":["/Users/clarence/go/src/togethergo/blog-service/main.go: 27 main.init.0"],"level":"debug","message":"app.GenerateToken err key is of invalid type","time":1597995373518266000}
2020/08/21 15:36:14 {"callers":["/Users/clarence/go/src/togethergo/blog-service/main.go: 27 main.init.0"],"level":"debug","message":"app.GenerateToken err key is of invalid type","time":1597995374268343000}
2020/08/21 15:57:30 {"callers":["/Users/clarence/go/src/togethergo/blog-service/main.go: 27 main.init.0"],"level":"info","message":"hello: togergo/blog-service","time":1597996650769773000}
2020/08/21 15:57:34 {"callers":["/Users/clarence/go/src/togethergo/blog-service/main.go: 27 main.init.0"],"level":"debug","message":"app.GenerateToken err key is of invalid type","time":1597996654168039000}
2020/08/21 15:57:35 {"callers":["/Users/clarence/go/src/togethergo/blog-service/main.go: 27 main.init.0"],"level":"debug","message":"app.GenerateToken err key is of invalid type","time":1597996655284473000}
2020/08/21 15:58:17 {"callers":["/Users/clarence/go/src/togethergo/blog-service/main.go: 27 main.init.0"],"level":"info","message":"hello: togergo/blog-service","time":1597996697708973000}
2020/08/21 15:58:21 {"callers":["/Users/clarence/go/src/togethergo/blog-service/main.go: 27 main.init.0"],"level":"debug","message":"app.GenerateToken err key is of invalid type","time":1597996701774322000}
2020/08/21 15:58:23 {"callers":["/Users/clarence/go/src/togethergo/blog-service/main.go: 27 main.init.0"],"level":"debug","message":"app.GenerateToken err key is of invalid type","time":1597996703262332000}
2020/08/21 15:58:24 {"callers":["/Users/clarence/go/src/togethergo/blog-service/main.go: 27 main.init.0"],"level":"debug","message":"app.GenerateToken err key is of invalid type","time":1597996704262918000}
2020/08/21 15:58:25 {"callers":["/Users/clarence/go/src/togethergo/blog-service/main.go: 27 main.init.0"],"level":"debug","message":"app.GenerateToken err key is of invalid type","time":1597996705011267000}
2020/08/21 16:01:24 {"callers":["/Users/clarence/go/src/togethergo/blog-service/main.go: 27 main.init.0"],"level":"debug","message":"app.GenerateToken err key is of invalid type","time":1597996884410780000}
2020/08/21 16:01:25 {"callers":["/Users/clarence/go/src/togethergo/blog-service/main.go: 27 main.init.0"],"level":"debug","message":"app.GenerateToken err key is of invalid type","time":1597996885264209000}
2020/08/21 16:01:25 {"callers":["/Users/clarence/go/src/togethergo/blog-service/main.go: 27 main.init.0"],"level":"debug","message":"app.GenerateToken err key is of invalid type","time":1597996885910590000}
2020/08/21 16:04:11 {"callers":["/Users/clarence/go/src/togethergo/blog-service/main.go: 27 main.init.0"],"level":"info","message":"hello: togergo/blog-service","time":1597997051795644000}
2020/08/21 16:04:14 {"callers":["/Users/clarence/go/src/togethergo/blog-service/main.go: 27 main.init.0"],"level":"debug","message":"app.GenerateToken err key is of invalid type","time":1597997054731652000}
2020/08/21 16:04:53 {"callers":["/Users/clarence/go/src/togethergo/blog-service/main.go: 27 main.init.0"],"level":"info","message":"hello: togergo/blog-service","time":1597997093510746000}
2020/08/21 16:04:55 {"callers":["/Users/clarence/go/src/togethergo/blog-service/main.go: 27 main.init.0"],"level":"debug","message":"app.GenerateToken err key is of invalid type","time":1597997095065450000}
2020/08/21 16:04:56 {"callers":["/Users/clarence/go/src/togethergo/blog-service/main.go: 27 main.init.0"],"level":"debug","message":"app.GenerateToken err key is of invalid type","time":1597997096297175000}
2020/08/21 16:09:21 {"callers":["/Users/clarence/go/src/togethergo/blog-service/main.go: 27 main.init.0"],"level":"info","message":"hello: togergo/blog-service","time":1597997361604021000}
2020/08/21 16:09:22 {"callers":["/Users/clarence/go/src/togethergo/blog-service/main.go: 27 main.init.0"],"level":"debug","message":"app.GenerateToken err key is of invalid type","time":1597997362919508000}
2020/08/21 16:10:04 {"callers":["/Users/clarence/go/src/togethergo/blog-service/main.go: 27 main.init.0"],"level":"info","message":"hello: togergo/blog-service","time":1597997404634727000}
2020/08/21 16:10:05 {"callers":["/Users/clarence/go/src/togethergo/blog-service/main.go: 27 main.init.0"],"level":"debug","message":"app.GenerateToken err key is of invalid type","time":1597997405661727000}
2020/08/21 16:10:06 {"callers":["/Users/clarence/go/src/togethergo/blog-service/main.go: 27 main.init.0"],"level":"debug","message":"app.GenerateToken err key is of invalid type","time":1597997406735351000}
2020/08/21 16:10:54 {"callers":["/Users/clarence/go/src/togethergo/blog-service/main.go: 27 main.init.0"],"level":"info","message":"hello: togergo/blog-service","time":1597997454140317000}
2020/08/21 16:10:54 {"callers":["/Users/clarence/go/src/togethergo/blog-service/main.go: 27 main.init.0"],"level":"debug","message":"app.GenerateToken err key is of invalid type","time":1597997454454694000}
2020/08/21 16:10:55 {"callers":["/Users/clarence/go/src/togethergo/blog-service/main.go: 27 main.init.0"],"level":"debug","message":"app.GenerateToken err key is of invalid type","time":1597997455524557000}
2020/08/21 16:10:56 {"callers":["/Users/clarence/go/src/togethergo/blog-service/main.go: 27 main.init.0"],"level":"debug","message":"app.GenerateToken err key is of invalid type","time":1597997456398732000}
2020/08/21 16:10:57 {"callers":["/Users/clarence/go/src/togethergo/blog-service/main.go: 27 main.init.0"],"level":"debug","message":"app.GenerateToken err key is of invalid type","time":1597997457460636000}
2020/08/21 16:12:46 {"callers":["/Users/clarence/go/src/togethergo/blog-service/main.go: 27 main.init.0"],"level":"info","message":"hello: togergo/blog-service","time":1597997566233284000}
2020/08/21 16:12:47 {"callers":["/Users/clarence/go/src/togethergo/blog-service/main.go: 27 main.init.0"],"level":"debug","message":"app.GenerateToken err key is of invalid type","time":1597997567459635000}
2020/08/21 16:12:49 {"callers":["/Users/clarence/go/src/togethergo/blog-service/main.go: 27 main.init.0"],"level":"debug","message":"app.GenerateToken err key is of invalid type","time":1597997569486287000}
2020/08/21 16:12:50 {"callers":["/Users/clarence/go/src/togethergo/blog-service/main.go: 27 main.init.0"],"level":"debug","message":"app.GenerateToken err key is of invalid type","time":1597997570398752000}
2020/08/21 16:12:51 {"callers":["/Users/clarence/go/src/togethergo/blog-service/main.go: 27 main.init.0"],"level":"debug","message":"app.GenerateToken err key is of invalid type","time":1597997571262158000}
2020/08/21 16:12:51 {"callers":["/Users/clarence/go/src/togethergo/blog-service/main.go: 27 main.init.0"],"level":"debug","message":"app.GenerateToken err key is of invalid type","time":1597997571936426000}
2020/08/21 16:14:50 {"callers":["/Users/clarence/go/src/togethergo/blog-service/main.go: 27 main.init.0"],"level":"info","message":"hello: togergo/blog-service","time":1597997690106413000}
2020/08/21 16:14:52 {"callers":["/Users/clarence/go/src/togethergo/blog-service/main.go: 27 main.init.0"],"level":"debug","message":"app.GenerateToken err key is of invalid type","time":1597997692586816000}
2020/08/21 16:15:19 {"callers":["/Users/clarence/go/src/togethergo/blog-service/main.go: 27 main.init.0"],"level":"info","message":"hello: togergo/blog-service","time":1597997719094842000}
2020/08/21 16:15:22 {"callers":["/Users/clarence/go/src/togethergo/blog-service/main.go: 27 main.init.0"],"level":"debug","message":"app.GenerateToken err key is of invalid type","time":1597997722380386000}
2020/08/21 16:15:25 {"callers":["/Users/clarence/go/src/togethergo/blog-service/main.go: 27 main.init.0"],"level":"debug","message":"app.GenerateToken err key is of invalid type","time":1597997725050470000}
2020/08/21 16:15:25 {"callers":["/Users/clarence/go/src/togethergo/blog-service/main.go: 27 main.init.0"],"level":"debug","message":"app.GenerateToken err key is of invalid type","time":1597997725786699000}
2020/08/21 16:17:22 {"callers":["/Users/clarence/go/src/togethergo/blog-service/main.go: 27 main.init.0"],"level":"info","message":"hello: togergo/blog-service","time":1597997842878928000}
2020/08/21 16:17:25 {"callers":["/Users/clarence/go/src/togethergo/blog-service/main.go: 27 main.init.0"],"level":"debug","message":"app.GenerateToken err key is of invalid type","time":1597997845330903000}
2020/08/21 16:17:27 {"callers":["/Users/clarence/go/src/togethergo/blog-service/main.go: 27 main.init.0"],"level":"debug","message":"app.GenerateToken err key is of invalid type","time":1597997847061385000}
2020/08/21 16:17:48 {"callers":["/Users/clarence/go/src/togethergo/blog-service/main.go: 27 main.init.0"],"level":"info","message":"hello: togergo/blog-service","time":1597997868714377000}
2020/08/21 16:17:49 {"callers":["/Users/clarence/go/src/togethergo/blog-service/main.go: 27 main.init.0"],"level":"debug","message":"app.GenerateToken err key is of invalid type","time":1597997869729170000}
2020/08/21 16:17:50 {"callers":["/Users/clarence/go/src/togethergo/blog-service/main.go: 27 main.init.0"],"level":"debug","message":"app.GenerateToken err key is of invalid type","time":1597997870960719000}
2020/08/21 16:17:51 {"callers":["/Users/clarence/go/src/togethergo/blog-service/main.go: 27 main.init.0"],"level":"debug","message":"app.GenerateToken err key is of invalid type","time":1597997871822982000}
2020/08/21 16:17:52 {"callers":["/Users/clarence/go/src/togethergo/blog-service/main.go: 27 main.init.0"],"level":"debug","message":"app.GenerateToken err key is of invalid type","time":1597997872710522000}
2020/08/21 16:17:53 {"callers":["/Users/clarence/go/src/togethergo/blog-service/main.go: 27 main.init.0"],"level":"debug","message":"app.GenerateToken err key is of invalid type","time":1597997873623136000}
2020/08/21 16:17:54 {"callers":["/Users/clarence/go/src/togethergo/blog-service/main.go: 27 main.init.0"],"level":"debug","message":"app.GenerateToken err key is of invalid type","time":1597997874498401000}
2020/08/21 16:17:55 {"callers":["/Users/clarence/go/src/togethergo/blog-service/main.go: 27 main.init.0"],"level":"debug","message":"app.GenerateToken err key is of invalid type","time":1597997875424489000}
2020/08/21 16:18:30 {"callers":["/Users/clarence/go/src/togethergo/blog-service/main.go: 27 main.init.0"],"level":"info","message":"hello: togergo/blog-service","time":1597997910060688000}
2020/08/21 16:18:31 {"callers":["/Users/clarence/go/src/togethergo/blog-service/main.go: 27 main.init.0"],"level":"debug","message":"app.GenerateToken err key is of invalid type","time":1597997911319487000}
2020/08/21 16:18:32 {"callers":["/Users/clarence/go/src/togethergo/blog-service/main.go: 27 main.init.0"],"level":"debug","message":"app.GenerateToken err key is of invalid type","time":1597997912761849000}
2020/08/21 16:18:42 {"callers":["/Users/clarence/go/src/togethergo/blog-service/main.go: 27 main.init.0"],"level":"info","message":"hello: togergo/blog-service","time":1597997922691800000}
2020/08/21 16:18:44 {"callers":["/Users/clarence/go/src/togethergo/blog-service/main.go: 27 main.init.0"],"level":"debug","message":"app.GenerateToken err key is of invalid type","time":1597997924628252000}
2020/08/21 16:18:46 {"callers":["/Users/clarence/go/src/togethergo/blog-service/main.go: 27 main.init.0"],"level":"debug","message":"app.GenerateToken err key is of invalid type","time":1597997926049877000}
2020/08/21 16:18:46 {"callers":["/Users/clarence/go/src/togethergo/blog-service/main.go: 27 main.init.0"],"level":"debug","message":"app.GenerateToken err key is of invalid type","time":1597997926949084000}
2020/08/21 16:18:47 {"callers":["/Users/clarence/go/src/togethergo/blog-service/main.go: 27 main.init.0"],"level":"debug","message":"app.GenerateToken err key is of invalid type","time":1597997927724248000}
2020/08/21 16:20:08 {"callers":["/Users/clarence/go/src/togethergo/blog-service/main.go: 27 main.init.0"],"level":"info","message":"hello: togergo/blog-service","time":1597998008339516000}
2020/08/21 16:20:10 {"callers":["/Users/clarence/go/src/togethergo/blog-service/main.go: 27 main.init.0"],"level":"debug","message":"app.GenerateToken err key is of invalid type","time":1597998010756390000}
2020/08/21 16:20:12 {"callers":["/Users/clarence/go/src/togethergo/blog-service/main.go: 27 main.init.0"],"level":"debug","message":"app.GenerateToken err key is of invalid type","time":1597998012788112000}
2020/08/21 16:20:13 {"callers":["/Users/clarence/go/src/togethergo/blog-service/main.go: 27 main.init.0"],"level":"debug","message":"app.GenerateToken err key is of invalid type","time":1597998013725361000}
2020/08/21 16:20:14 {"callers":["/Users/clarence/go/src/togethergo/blog-service/main.go: 27 main.init.0"],"level":"debug","message":"app.GenerateToken err key is of invalid type","time":1597998014636866000}
2020/08/21 16:20:15 {"callers":["/Users/clarence/go/src/togethergo/blog-service/main.go: 27 main.init.0"],"level":"debug","message":"app.GenerateToken err key is of invalid type","time":1597998015526123000}
2020/08/21 16:20:33 {"callers":["/Users/clarence/go/src/togethergo/blog-service/main.go: 27 main.init.0"],"level":"info","message":"hello: togergo/blog-service","time":1597998033159684000}
2020/08/21 16:20:35 {"callers":["/Users/clarence/go/src/togethergo/blog-service/main.go: 27 main.init.0"],"level":"debug","message":"app.GenerateToken err key is of invalid type","time":1597998035897200000}
2020/08/21 16:20:36 {"callers":["/Users/clarence/go/src/togethergo/blog-service/main.go: 27 main.init.0"],"level":"debug","message":"app.GenerateToken err key is of invalid type","time":1597998036898573000}
2020/08/21 16:20:37 {"callers":["/Users/clarence/go/src/togethergo/blog-service/main.go: 27 main.init.0"],"level":"debug","message":"app.GenerateToken err key is of invalid type","time":1597998037536549000}
2020/08/21 16:20:38 {"callers":["/Users/clarence/go/src/togethergo/blog-service/main.go: 27 main.init.0"],"level":"debug","message":"app.GenerateToken err key is of invalid type","time":1597998038160795000}
2020/08/21 16:21:50 {"callers":["/Users/clarence/go/src/togethergo/blog-service/main.go: 27 main.init.0"],"level":"info","message":"hello: togergo/blog-service","time":1597998110200516000}
2020/08/21 16:26:19 {"callers":["/Users/clarence/go/src/togethergo/blog-service/main.go: 27 main.init.0"],"level":"info","message":"hello: togergo/blog-service","time":1597998379484468000}
2020/08/21 16:27:09 {"callers":["/Users/clarence/go/src/togethergo/blog-service/main.go: 27 main.init.0"],"level":"info","message":"hello: togergo/blog-service","time":1597998429945516000}
